<?xml version="1.0" encoding="UTF-8"?>
<!-- Generated by org.testng.reporters.JUnitReportReporter -->
<testsuite hostname="LIFELINE-ISN" failures="0" tests="3" name="testcases.AppLuanchTest" time="21.876" errors="0" timestamp="2022-05-01T16:12:12 IST" skipped="0">
  <testcase classname="testcases.AppLuanchTest" name="launchChrome" time="6.977"/>
  <system-out/>
  <testcase classname="testcases.AppLuanchTest" name="validateSearch" time="6.501"/>
  <system-out/>
  <testcase classname="testcases.AppLuanchTest" name="ValidateCart" time="8.398"/>
  <system-out/>
</testsuite> <!-- testcases.AppLuanchTest -->
